[debug] [2026-01-23T16:41:12.091Z] ----------------------------------------------------------------------
[debug] [2026-01-23T16:41:12.109Z] Command:       /usr/local/bin/node /usr/local/bin/firebase emulators:start --project demo-carapp --import=./.emulator-data --export-on-exit
[debug] [2026-01-23T16:41:12.110Z] CLI Version:   12.9.1
[debug] [2026-01-23T16:41:12.111Z] Platform:      linux
[debug] [2026-01-23T16:41:12.112Z] Node Version:  v20.20.0
[debug] [2026-01-23T16:41:12.113Z] Time:          Fri Jan 23 2026 16:41:12 GMT+0000 (Coordinated Universal Time)
[debug] [2026-01-23T16:41:12.113Z] ----------------------------------------------------------------------
[debug] 
[debug] [2026-01-23T16:41:12.126Z] >>> [apiv2][query] GET https://firebase-public.firebaseio.com/cli.json [none]
[debug] [2026-01-23T16:41:12.609Z] > command requires scopes: ["email","openid","https://www.googleapis.com/auth/cloudplatformprojects.readonly","https://www.googleapis.com/auth/firebase","https://www.googleapis.com/auth/cloud-platform"]
[debug] Failed to authenticate, have you run firebase login?
[warn] ⚠  emulators: You are not currently authenticated so some features may not work correctly. Please run firebase login to authenticate the CLI. 
[debug] [2026-01-23T16:41:12.964Z] <<< [apiv2][status] GET https://firebase-public.firebaseio.com/cli.json 200
[debug] [2026-01-23T16:41:12.966Z] <<< [apiv2][body] GET https://firebase-public.firebaseio.com/cli.json {"cloudBuildErrorAfter":1594252800000,"cloudBuildWarnAfter":1590019200000,"defaultNode10After":1594252800000,"minVersion":"3.0.5","node8DeploysDisabledAfter":1613390400000,"node8RuntimeDisabledAfter":1615809600000,"node8WarnAfter":1600128000000}
[debug] [2026-01-23T16:41:13.383Z] openjdk version "11.0.29" 2025-10-21
OpenJDK Runtime Environment (build 11.0.29+6-post-Debian-1deb11u1)
[debug] [2026-01-23T16:41:13.386Z] 
OpenJDK 64-Bit Server VM (build 11.0.29+6-post-Debian-1deb11u1, mixed mode)

[debug] [2026-01-23T16:41:13.393Z] Parsed Java major version: 11
[info] i  emulators: Starting emulators: auth, functions, firestore, storage {"metadata":{"emulator":{"name":"hub"},"message":"Starting emulators: auth, functions, firestore, storage"}}
[info] i  emulators: Detected demo project ID "demo-carapp", emulated services will use a demo configuration and attempts to access non-emulated services for this project will fail. {"metadata":{"emulator":{"name":"hub"},"message":"Detected demo project ID \"demo-carapp\", emulated services will use a demo configuration and attempts to access non-emulated services for this project will fail."}}
[debug] [2026-01-23T16:41:13.428Z] [logging] Logging Emulator only supports listening on one address (127.0.0.1). Not listening on ::1
[debug] [2026-01-23T16:41:13.428Z] [auth] Authentication Emulator only supports listening on one address (127.0.0.1). Not listening on ::1
[debug] [2026-01-23T16:41:13.428Z] [firestore] Firestore Emulator only supports listening on one address (127.0.0.1). Not listening on ::1
[debug] [2026-01-23T16:41:13.429Z] [firestore.websocket] websocket server for firestore only supports listening on one address (127.0.0.1). Not listening on ::1
[debug] [2026-01-23T16:41:13.429Z] [storage] Storage Emulator only supports listening on one address (127.0.0.1). Not listening on ::1
[debug] [2026-01-23T16:41:13.429Z] assigned listening specs for emulators {"user":{"hub":[{"address":"127.0.0.1","family":"IPv4","port":4400},{"address":"::1","family":"IPv6","port":4400}],"ui":[{"address":"127.0.0.1","family":"IPv4","port":4000},{"address":"::1","family":"IPv6","port":4000}],"logging":[{"address":"127.0.0.1","family":"IPv4","port":4500}],"auth":[{"address":"127.0.0.1","family":"IPv4","port":9099}],"firestore":[{"address":"127.0.0.1","family":"IPv4","port":8080}],"firestore.websocket":[{"address":"127.0.0.1","family":"IPv4","port":9150}],"storage":[{"address":"127.0.0.1","family":"IPv4","port":9199}]},"metadata":{"message":"assigned listening specs for emulators"}}
[debug] [2026-01-23T16:41:13.457Z] [hub] writing locator at /tmp/hub-demo-carapp.json
[debug] [2026-01-23T16:41:13.494Z] [functions] Functions Emulator only supports listening on one address (127.0.0.1). Not listening on ::1
[debug] [2026-01-23T16:41:13.494Z] [eventarc] Eventarc Emulator only supports listening on one address (127.0.0.1). Not listening on ::1
[debug] [2026-01-23T16:41:13.494Z] late-assigned ports for functions and eventarc emulators {"user":{"hub":[{"address":"127.0.0.1","family":"IPv4","port":4400},{"address":"::1","family":"IPv6","port":4400}],"ui":[{"address":"127.0.0.1","family":"IPv4","port":4000},{"address":"::1","family":"IPv6","port":4000}],"logging":[{"address":"127.0.0.1","family":"IPv4","port":4500}],"auth":[{"address":"127.0.0.1","family":"IPv4","port":9099}],"firestore":[{"address":"127.0.0.1","family":"IPv4","port":8080}],"firestore.websocket":[{"address":"127.0.0.1","family":"IPv4","port":9150}],"storage":[{"address":"127.0.0.1","family":"IPv4","port":9199}],"functions":[{"address":"127.0.0.1","family":"IPv4","port":5001}],"eventarc":[{"address":"127.0.0.1","family":"IPv4","port":9299}]},"metadata":{"message":"late-assigned ports for functions and eventarc emulators"}}
[warn] ⚠  functions: You are not signed in to the Firebase CLI. If you have authorized this machine using gcloud application-default credentials those may be discovered and used to access production services. {"metadata":{"emulator":{"name":"functions"},"message":"You are not signed in to the Firebase CLI. If you have authorized this machine using gcloud application-default credentials those may be discovered and used to access production services."}}
[info] i  firestore: downloading cloud-firestore-emulator-v1.18.2.jar... {"metadata":{"emulator":{"name":"firestore"},"message":"downloading cloud-firestore-emulator-v1.18.2.jar..."}}
[debug] [2026-01-23T16:41:13.633Z] >>> [apiv2][query] GET https://storage.googleapis.com/firebase-preview-drop/emulator/cloud-firestore-emulator-v1.18.2.jar 
[debug] [2026-01-23T16:41:13.981Z] <<< [apiv2][status] GET https://storage.googleapis.com/firebase-preview-drop/emulator/cloud-firestore-emulator-v1.18.2.jar 200
[debug] [2026-01-23T16:41:13.984Z] <<< [apiv2][body] GET https://storage.googleapis.com/firebase-preview-drop/emulator/cloud-firestore-emulator-v1.18.2.jar [stream]
[debug] [2026-01-23T16:41:25.428Z] Ignoring unsupported arg: auto_download {"metadata":{"emulator":{"name":"firestore"},"message":"Ignoring unsupported arg: auto_download"}}
[debug] [2026-01-23T16:41:25.436Z] Ignoring unsupported arg: single_project_mode_error {"metadata":{"emulator":{"name":"firestore"},"message":"Ignoring unsupported arg: single_project_mode_error"}}
[debug] [2026-01-23T16:41:25.437Z] Starting Firestore Emulator with command {"binary":"java","args":["-Dgoogle.cloud_firestore.debug_log_level=FINE","-Duser.language=en","-jar","/root/.cache/firebase/emulators/cloud-firestore-emulator-v1.18.2.jar","--host","127.0.0.1","--port",8080,"--websocket_port",9150,"--project_id","demo-carapp","--rules","/workspace/firestore.rules","--single_project_mode",true,"--functions_emulator","127.0.0.1:5001"],"optionalArgs":["port","webchannel_port","host","rules","websocket_port","functions_emulator","seed_from_export","project_id","single_project_mode"],"joinArgs":false} {"metadata":{"emulator":{"name":"firestore"},"message":"Starting Firestore Emulator with command {\"binary\":\"java\",\"args\":[\"-Dgoogle.cloud_firestore.debug_log_level=FINE\",\"-Duser.language=en\",\"-jar\",\"/root/.cache/firebase/emulators/cloud-firestore-emulator-v1.18.2.jar\",\"--host\",\"127.0.0.1\",\"--port\",8080,\"--websocket_port\",9150,\"--project_id\",\"demo-carapp\",\"--rules\",\"/workspace/firestore.rules\",\"--single_project_mode\",true,\"--functions_emulator\",\"127.0.0.1:5001\"],\"optionalArgs\":[\"port\",\"webchannel_port\",\"host\",\"rules\",\"websocket_port\",\"functions_emulator\",\"seed_from_export\",\"project_id\",\"single_project_mode\"],\"joinArgs\":false}"}}
[info] i  firestore: Firestore Emulator logging to firestore-debug.log {"metadata":{"emulator":{"name":"firestore"},"message":"Firestore Emulator logging to firestore-debug.log"}}
[debug] [2026-01-23T16:41:32.953Z] Jan 23, 2026 4:41:32 PM com.google.cloud.datastore.emulator.firestore.websocket.WebSocketServer start
INFO: Started WebSocket server on ws://127.0.0.1:9150
 {"metadata":{"emulator":{"name":"firestore"},"message":"Jan 23, 2026 4:41:32 PM com.google.cloud.datastore.emulator.firestore.websocket.WebSocketServer start\nINFO: Started WebSocket server on ws://127.0.0.1:9150\n"}}
[debug] [2026-01-23T16:41:32.984Z] API endpoint: http:// {"metadata":{"emulator":{"name":"firestore"},"message":"API endpoint: http://"}}
[debug] [2026-01-23T16:41:32.985Z] 127.0.0.1:8080
If you are using a library that supports the FIRESTORE_EMULATOR_HOST environment variable, run:

   export FIRESTORE_EMULATOR_HOST=127.0.0.1:8080

Dev App Server is now running.

 {"metadata":{"emulator":{"name":"firestore"},"message":"127.0.0.1:8080\nIf you are using a library that supports the FIRESTORE_EMULATOR_HOST environment variable, run:\n\n   export FIRESTORE_EMULATOR_HOST=127.0.0.1:8080\n\nDev App Server is now running.\n\n"}}
[info] ✔  firestore: Firestore Emulator UI websocket is running on 9150. {"metadata":{"emulator":{"name":"firestore"},"message":"Firestore Emulator UI websocket is running on 9150."}}
[info] i  storage: downloading cloud-storage-rules-runtime-v1.1.3.jar... {"metadata":{"emulator":{"name":"storage"},"message":"downloading cloud-storage-rules-runtime-v1.1.3.jar..."}}
[debug] [2026-01-23T16:42:09.327Z] >>> [apiv2][query] GET https://storage.googleapis.com/firebase-preview-drop/emulator/cloud-storage-rules-runtime-v1.1.3.jar 
[debug] [2026-01-23T16:42:14.855Z] <<< [apiv2][status] GET https://storage.googleapis.com/firebase-preview-drop/emulator/cloud-storage-rules-runtime-v1.1.3.jar 200
[debug] [2026-01-23T16:42:14.916Z] <<< [apiv2][body] GET https://storage.googleapis.com/firebase-preview-drop/emulator/cloud-storage-rules-runtime-v1.1.3.jar [stream]
[debug] [2026-01-23T16:42:25.434Z] Ignoring unsupported arg: port {"metadata":{"emulator":{"name":"storage"},"message":"Ignoring unsupported arg: port"}}
[debug] [2026-01-23T16:42:30.998Z] Temp file directory for storage emulator: /tmp/firebase/storage/blobs {"metadata":{"emulator":{"name":"storage"},"message":"Temp file directory for storage emulator: /tmp/firebase/storage/blobs"}}
[info] i  ui: downloading ui-v1.11.7.zip... {"metadata":{"emulator":{"name":"ui"},"message":"downloading ui-v1.11.7.zip..."}}
[debug] [2026-01-23T16:42:31.181Z] >>> [apiv2][query] GET https://storage.googleapis.com/firebase-preview-drop/emulator/ui-v1.11.7.zip 
[debug] [2026-01-23T16:42:31.710Z] <<< [apiv2][status] GET https://storage.googleapis.com/firebase-preview-drop/emulator/ui-v1.11.7.zip 200
[debug] [2026-01-23T16:42:31.713Z] <<< [apiv2][body] GET https://storage.googleapis.com/firebase-preview-drop/emulator/ui-v1.11.7.zip [stream]
[debug] [2026-01-23T16:42:32.225Z] Data is 3064105
[debug] [2026-01-23T16:42:32.228Z] [unzip] Entry: client/ (compressed_size=0 bytes, uncompressed_size=0 bytes)
[debug] [2026-01-23T16:42:32.229Z] [unzip] Processing entry: client/
[debug] [2026-01-23T16:42:32.229Z] [unzip] mkdir: /root/.cache/firebase/emulators/ui-v1.11.7/client/
[debug] [2026-01-23T16:42:32.231Z] [unzip] Entry: client/favicon.ico (compressed_size=2497 bytes, uncompressed_size=7406 bytes)
[debug] [2026-01-23T16:42:32.232Z] [unzip] Processing entry: client/favicon.ico
[debug] [2026-01-23T16:42:32.233Z] [unzip] else mkdir: /root/.cache/firebase/emulators/ui-v1.11.7/client
[debug] [2026-01-23T16:42:32.233Z] [unzip] deflating: /root/.cache/firebase/emulators/ui-v1.11.7/client/favicon.ico
[debug] [2026-01-23T16:42:32.369Z] [unzip] Entry: client/apple-touch-icon.png (compressed_size=7231 bytes, uncompressed_size=7367 bytes)
[debug] [2026-01-23T16:42:32.370Z] [unzip] Processing entry: client/apple-touch-icon.png
[debug] [2026-01-23T16:42:32.370Z] [unzip] else mkdir: /root/.cache/firebase/emulators/ui-v1.11.7/client
[debug] [2026-01-23T16:42:32.372Z] [unzip] deflating: /root/.cache/firebase/emulators/ui-v1.11.7/client/apple-touch-icon.png
[debug] [2026-01-23T16:42:32.377Z] [unzip] Entry: client/android-chrome-512x512.png (compressed_size=16987 bytes, uncompressed_size=18186 bytes)
[debug] [2026-01-23T16:42:32.377Z] [unzip] Processing entry: client/android-chrome-512x512.png
[debug] [2026-01-23T16:42:32.377Z] [unzip] else mkdir: /root/.cache/firebase/emulators/ui-v1.11.7/client
[debug] [2026-01-23T16:42:32.377Z] [unzip] deflating: /root/.cache/firebase/emulators/ui-v1.11.7/client/android-chrome-512x512.png
[debug] [2026-01-23T16:42:32.381Z] [unzip] Entry: client/assets/ (compressed_size=0 bytes, uncompressed_size=0 bytes)
[debug] [2026-01-23T16:42:32.382Z] [unzip] Processing entry: client/assets/
[debug] [2026-01-23T16:42:32.382Z] [unzip] mkdir: /root/.cache/firebase/emulators/ui-v1.11.7/client/assets/
[debug] [2026-01-23T16:42:32.384Z] [unzip] Entry: client/assets/extensions/ (compressed_size=0 bytes, uncompressed_size=0 bytes)
[debug] [2026-01-23T16:42:32.384Z] [unzip] Processing entry: client/assets/extensions/
[debug] [2026-01-23T16:42:32.385Z] [unzip] mkdir: /root/.cache/firebase/emulators/ui-v1.11.7/client/assets/extensions/
[debug] [2026-01-23T16:42:32.388Z] [unzip] Entry: client/assets/extensions/default-extension.png (compressed_size=1646 bytes, uncompressed_size=1657 bytes)
[debug] [2026-01-23T16:42:32.389Z] [unzip] Processing entry: client/assets/extensions/default-extension.png
[debug] [2026-01-23T16:42:32.389Z] [unzip] else mkdir: /root/.cache/firebase/emulators/ui-v1.11.7/client/assets/extensions
[debug] [2026-01-23T16:42:32.389Z] [unzip] deflating: /root/.cache/firebase/emulators/ui-v1.11.7/client/assets/extensions/default-extension.png
[debug] [2026-01-23T16:42:32.395Z] [unzip] Entry: client/assets/index.58ca09f7.css (compressed_size=37601 bytes, uncompressed_size=321252 bytes)
[debug] [2026-01-23T16:42:32.396Z] [unzip] Processing entry: client/assets/index.58ca09f7.css
[debug] [2026-01-23T16:42:32.397Z] [unzip] else mkdir: /root/.cache/firebase/emulators/ui-v1.11.7/client/assets
[debug] [2026-01-23T16:42:32.399Z] [unzip] deflating: /root/.cache/firebase/emulators/ui-v1.11.7/client/assets/index.58ca09f7.css
[debug] [2026-01-23T16:42:32.425Z] [unzip] Entry: client/assets/index.c2583d42.js (compressed_size=526232 bytes, uncompressed_size=1860152 bytes)
[debug] [2026-01-23T16:42:32.425Z] [unzip] Processing entry: client/assets/index.c2583d42.js
[debug] [2026-01-23T16:42:32.425Z] [unzip] else mkdir: /root/.cache/firebase/emulators/ui-v1.11.7/client/assets
[debug] [2026-01-23T16:42:32.426Z] [unzip] deflating: /root/.cache/firebase/emulators/ui-v1.11.7/client/assets/index.c2583d42.js
[debug] [2026-01-23T16:42:32.460Z] [unzip] Entry: client/assets/provider-icons/ (compressed_size=0 bytes, uncompressed_size=0 bytes)
[debug] [2026-01-23T16:42:32.461Z] [unzip] Processing entry: client/assets/provider-icons/
[debug] [2026-01-23T16:42:32.461Z] [unzip] mkdir: /root/.cache/firebase/emulators/ui-v1.11.7/client/assets/provider-icons/
[debug] [2026-01-23T16:42:32.461Z] [unzip] Entry: client/assets/provider-icons/auth_service_oidc.svg (compressed_size=414 bytes, uncompressed_size=858 bytes)
[debug] [2026-01-23T16:42:32.462Z] [unzip] Processing entry: client/assets/provider-icons/auth_service_oidc.svg
[debug] [2026-01-23T16:42:32.462Z] [unzip] else mkdir: /root/.cache/firebase/emulators/ui-v1.11.7/client/assets/provider-icons
[debug] [2026-01-23T16:42:32.462Z] [unzip] deflating: /root/.cache/firebase/emulators/ui-v1.11.7/client/assets/provider-icons/auth_service_oidc.svg
[debug] [2026-01-23T16:42:32.464Z] [unzip] Entry: client/assets/provider-icons/auth_service_yahoo.svg (compressed_size=577 bytes, uncompressed_size=1182 bytes)
[debug] [2026-01-23T16:42:32.464Z] [unzip] Processing entry: client/assets/provider-icons/auth_service_yahoo.svg
[debug] [2026-01-23T16:42:32.464Z] [unzip] else mkdir: /root/.cache/firebase/emulators/ui-v1.11.7/client/assets/provider-icons
[debug] [2026-01-23T16:42:32.465Z] [unzip] deflating: /root/.cache/firebase/emulators/ui-v1.11.7/client/assets/provider-icons/auth_service_yahoo.svg
[debug] [2026-01-23T16:42:32.467Z] [unzip] Entry: client/assets/provider-icons/auth_service_phone.svg (compressed_size=261 bytes, uncompressed_size=414 bytes)
[debug] [2026-01-23T16:42:32.467Z] [unzip] Processing entry: client/assets/provider-icons/auth_service_phone.svg
[debug] [2026-01-23T16:42:32.467Z] [unzip] else mkdir: /root/.cache/firebase/emulators/ui-v1.11.7/client/assets/provider-icons
[debug] [2026-01-23T16:42:32.468Z] [unzip] deflating: /root/.cache/firebase/emulators/ui-v1.11.7/client/assets/provider-icons/auth_service_phone.svg
[debug] [2026-01-23T16:42:32.471Z] [unzip] Entry: client/assets/provider-icons/auth_service_saml.svg (compressed_size=575 bytes, uncompressed_size=1226 bytes)
[debug] [2026-01-23T16:42:32.472Z] [unzip] Processing entry: client/assets/provider-icons/auth_service_saml.svg
[debug] [2026-01-23T16:42:32.472Z] [unzip] else mkdir: /root/.cache/firebase/emulators/ui-v1.11.7/client/assets/provider-icons
[debug] [2026-01-23T16:42:32.472Z] [unzip] deflating: /root/.cache/firebase/emulators/ui-v1.11.7/client/assets/provider-icons/auth_service_saml.svg
[debug] [2026-01-23T16:42:32.475Z] [unzip] Entry: client/assets/provider-icons/auth_service_mslive.svg (compressed_size=203 bytes, uncompressed_size=378 bytes)
[debug] [2026-01-23T16:42:32.476Z] [unzip] Processing entry: client/assets/provider-icons/auth_service_mslive.svg
[debug] [2026-01-23T16:42:32.476Z] [unzip] else mkdir: /root/.cache/firebase/emulators/ui-v1.11.7/client/assets/provider-icons
[debug] [2026-01-23T16:42:32.477Z] [unzip] deflating: /root/.cache/firebase/emulators/ui-v1.11.7/client/assets/provider-icons/auth_service_mslive.svg
[debug] [2026-01-23T16:42:32.482Z] [unzip] Entry: client/assets/provider-icons/auth_service_facebook.svg (compressed_size=289 bytes, uncompressed_size=457 bytes)
[debug] [2026-01-23T16:42:32.483Z] [unzip] Processing entry: client/assets/provider-icons/auth_service_facebook.svg
[debug] [2026-01-23T16:42:32.483Z] [unzip] else mkdir: /root/.cache/firebase/emulators/ui-v1.11.7/client/assets/provider-icons
[debug] [2026-01-23T16:42:32.484Z] [unzip] deflating: /root/.cache/firebase/emulators/ui-v1.11.7/client/assets/provider-icons/auth_service_facebook.svg
[debug] [2026-01-23T16:42:32.499Z] [unzip] Entry: client/assets/provider-icons/auth_service_play_games.svg (compressed_size=565 bytes, uncompressed_size=1173 bytes)
[debug] [2026-01-23T16:42:32.499Z] [unzip] Processing entry: client/assets/provider-icons/auth_service_play_games.svg
[debug] [2026-01-23T16:42:32.500Z] [unzip] else mkdir: /root/.cache/firebase/emulators/ui-v1.11.7/client/assets/provider-icons
[debug] [2026-01-23T16:42:32.500Z] [unzip] deflating: /root/.cache/firebase/emulators/ui-v1.11.7/client/assets/provider-icons/auth_service_play_games.svg
[debug] [2026-01-23T16:42:32.502Z] [unzip] Entry: client/assets/provider-icons/auth_service_github.svg (compressed_size=466 bytes, uncompressed_size=838 bytes)
[debug] [2026-01-23T16:42:32.503Z] [unzip] Processing entry: client/assets/provider-icons/auth_service_github.svg
[debug] [2026-01-23T16:42:32.503Z] [unzip] else mkdir: /root/.cache/firebase/emulators/ui-v1.11.7/client/assets/provider-icons
[debug] [2026-01-23T16:42:32.504Z] [unzip] deflating: /root/.cache/firebase/emulators/ui-v1.11.7/client/assets/provider-icons/auth_service_github.svg
[debug] [2026-01-23T16:42:32.507Z] [unzip] Entry: client/assets/provider-icons/auth_service_apple.svg (compressed_size=230 bytes, uncompressed_size=334 bytes)
[debug] [2026-01-23T16:42:32.508Z] [unzip] Processing entry: client/assets/provider-icons/auth_service_apple.svg
[debug] [2026-01-23T16:42:32.508Z] [unzip] else mkdir: /root/.cache/firebase/emulators/ui-v1.11.7/client/assets/provider-icons
[debug] [2026-01-23T16:42:32.508Z] [unzip] deflating: /root/.cache/firebase/emulators/ui-v1.11.7/client/assets/provider-icons/auth_service_apple.svg
[debug] [2026-01-23T16:42:32.512Z] [unzip] Entry: client/assets/provider-icons/auth_service_google.svg (compressed_size=409 bytes, uncompressed_size=720 bytes)
[debug] [2026-01-23T16:42:32.512Z] [unzip] Processing entry: client/assets/provider-icons/auth_service_google.svg
[debug] [2026-01-23T16:42:32.513Z] [unzip] else mkdir: /root/.cache/firebase/emulators/ui-v1.11.7/client/assets/provider-icons
[debug] [2026-01-23T16:42:32.513Z] [unzip] deflating: /root/.cache/firebase/emulators/ui-v1.11.7/client/assets/provider-icons/auth_service_google.svg
[debug] [2026-01-23T16:42:32.517Z] [unzip] Entry: client/assets/provider-icons/auth_service_email.svg (compressed_size=228 bytes, uncompressed_size=326 bytes)
[debug] [2026-01-23T16:42:32.517Z] [unzip] Processing entry: client/assets/provider-icons/auth_service_email.svg
[debug] [2026-01-23T16:42:32.517Z] [unzip] else mkdir: /root/.cache/firebase/emulators/ui-v1.11.7/client/assets/provider-icons
[debug] [2026-01-23T16:42:32.518Z] [unzip] deflating: /root/.cache/firebase/emulators/ui-v1.11.7/client/assets/provider-icons/auth_service_email.svg
[debug] [2026-01-23T16:42:32.523Z] [unzip] Entry: client/assets/provider-icons/auth_service_twitter.svg (compressed_size=444 bytes, uncompressed_size=751 bytes)
[debug] [2026-01-23T16:42:32.526Z] [unzip] Processing entry: client/assets/provider-icons/auth_service_twitter.svg
[debug] [2026-01-23T16:42:32.526Z] [unzip] else mkdir: /root/.cache/firebase/emulators/ui-v1.11.7/client/assets/provider-icons
[debug] [2026-01-23T16:42:32.527Z] [unzip] deflating: /root/.cache/firebase/emulators/ui-v1.11.7/client/assets/provider-icons/auth_service_twitter.svg
[debug] [2026-01-23T16:42:32.530Z] [unzip] Entry: client/assets/provider-icons/auth_service_game_center.svg (compressed_size=991 bytes, uncompressed_size=3921 bytes)
[debug] [2026-01-23T16:42:32.530Z] [unzip] Processing entry: client/assets/provider-icons/auth_service_game_center.svg
[debug] [2026-01-23T16:42:32.530Z] [unzip] else mkdir: /root/.cache/firebase/emulators/ui-v1.11.7/client/assets/provider-icons
[debug] [2026-01-23T16:42:32.531Z] [unzip] deflating: /root/.cache/firebase/emulators/ui-v1.11.7/client/assets/provider-icons/auth_service_game_center.svg
[debug] [2026-01-23T16:42:32.533Z] [unzip] Entry: client/assets/index.c2583d42.js.map (compressed_size=1778557 bytes, uncompressed_size=7961927 bytes)
[debug] [2026-01-23T16:42:32.533Z] [unzip] Processing entry: client/assets/index.c2583d42.js.map
[debug] [2026-01-23T16:42:32.533Z] [unzip] else mkdir: /root/.cache/firebase/emulators/ui-v1.11.7/client/assets
[debug] [2026-01-23T16:42:32.534Z] [unzip] deflating: /root/.cache/firebase/emulators/ui-v1.11.7/client/assets/index.c2583d42.js.map
[debug] [2026-01-23T16:42:32.727Z] [unzip] Entry: client/assets/img/ (compressed_size=0 bytes, uncompressed_size=0 bytes)
[debug] [2026-01-23T16:42:32.728Z] [unzip] Processing entry: client/assets/img/
[debug] [2026-01-23T16:42:32.729Z] [unzip] mkdir: /root/.cache/firebase/emulators/ui-v1.11.7/client/assets/img/
[debug] [2026-01-23T16:42:32.730Z] [unzip] Entry: client/assets/img/database.png (compressed_size=29449 bytes, uncompressed_size=29988 bytes)
[debug] [2026-01-23T16:42:32.730Z] [unzip] Processing entry: client/assets/img/database.png
[debug] [2026-01-23T16:42:32.730Z] [unzip] else mkdir: /root/.cache/firebase/emulators/ui-v1.11.7/client/assets/img
[debug] [2026-01-23T16:42:32.730Z] [unzip] deflating: /root/.cache/firebase/emulators/ui-v1.11.7/client/assets/img/database.png
[debug] [2026-01-23T16:42:32.742Z] [unzip] Entry: client/safari-pinned-tab.svg (compressed_size=838 bytes, uncompressed_size=1504 bytes)
[debug] [2026-01-23T16:42:32.743Z] [unzip] Processing entry: client/safari-pinned-tab.svg
[debug] [2026-01-23T16:42:32.743Z] [unzip] else mkdir: /root/.cache/firebase/emulators/ui-v1.11.7/client
[debug] [2026-01-23T16:42:32.744Z] [unzip] deflating: /root/.cache/firebase/emulators/ui-v1.11.7/client/safari-pinned-tab.svg
[debug] [2026-01-23T16:42:32.749Z] [unzip] Entry: client/mstile-150x150.png (compressed_size=5406 bytes, uncompressed_size=5723 bytes)
[debug] [2026-01-23T16:42:32.750Z] [unzip] Processing entry: client/mstile-150x150.png
[debug] [2026-01-23T16:42:32.750Z] [unzip] else mkdir: /root/.cache/firebase/emulators/ui-v1.11.7/client
[debug] [2026-01-23T16:42:32.753Z] [unzip] deflating: /root/.cache/firebase/emulators/ui-v1.11.7/client/mstile-150x150.png
[debug] [2026-01-23T16:42:32.760Z] [unzip] Entry: client/browserconfig.xml (compressed_size=491 bytes, uncompressed_size=822 bytes)
[debug] [2026-01-23T16:42:32.760Z] [unzip] Processing entry: client/browserconfig.xml
[debug] [2026-01-23T16:42:32.760Z] [unzip] else mkdir: /root/.cache/firebase/emulators/ui-v1.11.7/client
[debug] [2026-01-23T16:42:32.761Z] [unzip] deflating: /root/.cache/firebase/emulators/ui-v1.11.7/client/browserconfig.xml
[debug] [2026-01-23T16:42:32.767Z] [unzip] Entry: client/robots.txt (compressed_size=26 bytes, uncompressed_size=26 bytes)
[debug] [2026-01-23T16:42:32.768Z] [unzip] Processing entry: client/robots.txt
[debug] [2026-01-23T16:42:32.768Z] [unzip] else mkdir: /root/.cache/firebase/emulators/ui-v1.11.7/client
[debug] [2026-01-23T16:42:32.770Z] [unzip] Writing file: /root/.cache/firebase/emulators/ui-v1.11.7/client/robots.txt
[debug] [2026-01-23T16:42:32.779Z] [unzip] Entry: client/index.html (compressed_size=1363 bytes, uncompressed_size=3064 bytes)
[debug] [2026-01-23T16:42:32.782Z] [unzip] Processing entry: client/index.html
[debug] [2026-01-23T16:42:32.782Z] [unzip] else mkdir: /root/.cache/firebase/emulators/ui-v1.11.7/client
[debug] [2026-01-23T16:42:32.783Z] [unzip] deflating: /root/.cache/firebase/emulators/ui-v1.11.7/client/index.html
[debug] [2026-01-23T16:42:32.787Z] [unzip] Entry: client/favicon-16x16.png (compressed_size=757 bytes, uncompressed_size=777 bytes)
[debug] [2026-01-23T16:42:32.787Z] [unzip] Processing entry: client/favicon-16x16.png
[debug] [2026-01-23T16:42:32.788Z] [unzip] else mkdir: /root/.cache/firebase/emulators/ui-v1.11.7/client
[debug] [2026-01-23T16:42:32.788Z] [unzip] deflating: /root/.cache/firebase/emulators/ui-v1.11.7/client/favicon-16x16.png
[debug] [2026-01-23T16:42:32.791Z] [unzip] Entry: client/manifest.json (compressed_size=246 bytes, uncompressed_size=551 bytes)
[debug] [2026-01-23T16:42:32.791Z] [unzip] Processing entry: client/manifest.json
[debug] [2026-01-23T16:42:32.791Z] [unzip] else mkdir: /root/.cache/firebase/emulators/ui-v1.11.7/client
[debug] [2026-01-23T16:42:32.792Z] [unzip] deflating: /root/.cache/firebase/emulators/ui-v1.11.7/client/manifest.json
[debug] [2026-01-23T16:42:32.794Z] [unzip] Entry: client/favicon-32x32.png (compressed_size=1175 bytes, uncompressed_size=1175 bytes)
[debug] [2026-01-23T16:42:32.794Z] [unzip] Processing entry: client/favicon-32x32.png
[debug] [2026-01-23T16:42:32.794Z] [unzip] else mkdir: /root/.cache/firebase/emulators/ui-v1.11.7/client
[debug] [2026-01-23T16:42:32.795Z] [unzip] Writing file: /root/.cache/firebase/emulators/ui-v1.11.7/client/favicon-32x32.png
[debug] [2026-01-23T16:42:32.798Z] [unzip] Entry: client/android-chrome-192x192.png (compressed_size=7602 bytes, uncompressed_size=7834 bytes)
[debug] [2026-01-23T16:42:32.798Z] [unzip] Processing entry: client/android-chrome-192x192.png
[debug] [2026-01-23T16:42:32.798Z] [unzip] else mkdir: /root/.cache/firebase/emulators/ui-v1.11.7/client
[debug] [2026-01-23T16:42:32.800Z] [unzip] deflating: /root/.cache/firebase/emulators/ui-v1.11.7/client/android-chrome-192x192.png
[debug] [2026-01-23T16:42:32.808Z] [unzip] Entry: server/ (compressed_size=0 bytes, uncompressed_size=0 bytes)
[debug] [2026-01-23T16:42:32.808Z] [unzip] Processing entry: server/
[debug] [2026-01-23T16:42:32.808Z] [unzip] mkdir: /root/.cache/firebase/emulators/ui-v1.11.7/server/
[debug] [2026-01-23T16:42:32.819Z] [unzip] Entry: server/server.js (compressed_size=343746 bytes, uncompressed_size=1346374 bytes)
[debug] [2026-01-23T16:42:32.819Z] [unzip] Processing entry: server/server.js
[debug] [2026-01-23T16:42:32.819Z] [unzip] else mkdir: /root/.cache/firebase/emulators/ui-v1.11.7/server
[debug] [2026-01-23T16:42:32.821Z] [unzip] deflating: /root/.cache/firebase/emulators/ui-v1.11.7/server/server.js
[debug] [2026-01-23T16:42:32.878Z] [unzip] Entry: server/server.js.map (compressed_size=289157 bytes, uncompressed_size=1325651 bytes)
[debug] [2026-01-23T16:42:32.879Z] [unzip] Processing entry: server/server.js.map
[debug] [2026-01-23T16:42:32.879Z] [unzip] else mkdir: /root/.cache/firebase/emulators/ui-v1.11.7/server
[debug] [2026-01-23T16:42:32.880Z] [unzip] deflating: /root/.cache/firebase/emulators/ui-v1.11.7/server/server.js.map
[debug] [2026-01-23T16:42:32.907Z] Ignoring unsupported arg: auto_download {"metadata":{"emulator":{"name":"ui"},"message":"Ignoring unsupported arg: auto_download"}}
[debug] [2026-01-23T16:42:32.907Z] Ignoring unsupported arg: port {"metadata":{"emulator":{"name":"ui"},"message":"Ignoring unsupported arg: port"}}
[debug] [2026-01-23T16:42:32.908Z] Starting Emulator UI with command {"binary":"node","args":["/root/.cache/firebase/emulators/ui-v1.11.7/server/server.js"],"optionalArgs":[],"joinArgs":false} {"metadata":{"emulator":{"name":"ui"},"message":"Starting Emulator UI with command {\"binary\":\"node\",\"args\":[\"/root/.cache/firebase/emulators/ui-v1.11.7/server/server.js\"],\"optionalArgs\":[],\"joinArgs\":false}"}}
[info] i  ui: Emulator UI logging to ui-debug.log {"metadata":{"emulator":{"name":"ui"},"message":"Emulator UI logging to ui-debug.log"}}
[debug] [2026-01-23T16:42:33.654Z] Web / API server started at 127.0.0.1:4000
Web / API server started at ::1:4000
 {"metadata":{"emulator":{"name":"ui"},"message":"Web / API server started at 127.0.0.1:4000\nWeb / API server started at ::1:4000\n"}}
[info] i  functions: Watching "/workspace/functions" for Cloud Functions... {"metadata":{"emulator":{"name":"functions"},"message":"Watching \"/workspace/functions\" for Cloud Functions..."}}
[debug] [2026-01-23T16:42:33.888Z] Validating nodejs source
[warn] ⚠  functions: package.json indicates an outdated version of firebase-functions. Please upgrade using npm install --save firebase-functions@latest in your functions directory. 
[warn] ⚠  functions: Please note that there will be breaking changes when you upgrade. 
[debug] [2026-01-23T16:42:36.323Z] > [functions] package.json contents: {
  "name": "carguy-functions",
  "version": "1.0.0",
  "description": "Firebase Cloud Functions for CarGuy 3D reconstruction",
  "main": "lib/index.js",
  "engines": {
    "node": "20"
  },
  "scripts": {
    "lint": "echo \"skip lint\"",
    "build": "tsc",
    "serve": "firebase emulators:start --only functions",
    "shell": "firebase functions:shell",
    "start": "npm run shell",
    "deploy": "firebase deploy --only functions",
    "logs": "firebase functions:log"
  },
  "dependencies": {
    "axios": "^1.6.0",
    "cheerio": "^1.1.0",
    "express": "^4.18.2",
    "firebase-admin": "^12.0.0",
    "firebase-functions": "^5.0.0",
    "puppeteer": "^24.35.0"
  },
  "devDependencies": {
    "typescript": "^5.3.3"
  },
  "private": true
}
[debug] [2026-01-23T16:42:36.324Z] Building nodejs source
[debug] [2026-01-23T16:42:36.327Z] Failed to find version of module node: reached end of search path /workspace/functions/node_modules
[info] ✔  functions: Using node@20 from host. 
[debug] [2026-01-23T16:42:36.415Z] Could not find functions.yaml. Must use http discovery
[debug] [2026-01-23T16:42:36.513Z] Found firebase-functions binary at '/workspace/functions/node_modules/.bin/firebase-functions'
[info] Serving at port 8128

[debug] [2026-01-23T16:42:39.845Z] Got response from /__/functions.yaml {"endpoints":{"generateCarModel":{"platform":"gcfv1","labels":{},"availableMemoryMb":null,"timeoutSeconds":null,"minInstances":null,"maxInstances":null,"ingressSettings":null,"serviceAccountEmail":null,"vpc":null,"callableTrigger":{},"entryPoint":"generateCarModel"},"onRenderJobCreated":{"platform":"gcfv1","availableMemoryMb":null,"timeoutSeconds":null,"minInstances":null,"maxInstances":null,"ingressSettings":null,"serviceAccountEmail":null,"vpc":null,"eventTrigger":{"eventType":"providers/cloud.firestore/eventTypes/document.create","eventFilters":{"resource":"projects/demo-carapp/databases/(default)/documents/renderJobs/{jobId}"},"retry":false},"labels":{},"entryPoint":"onRenderJobCreated"},"pollRenderJobs":{"platform":"gcfv1","availableMemoryMb":null,"timeoutSeconds":null,"minInstances":null,"maxInstances":null,"ingressSettings":null,"serviceAccountEmail":null,"vpc":null,"scheduleTrigger":{"schedule":"every 2 minutes","retryConfig":{"retryCount":null,"maxDoublings":null,"maxRetryDuration":null,"maxBackoffDuration":null,"minBackoffDuration":null},"timeZone":null},"labels":{},"entryPoint":"pollRenderJobs"},"processCandidate":{"platform":"gcfv1","availableMemoryMb":null,"timeoutSeconds":null,"minInstances":null,"maxInstances":null,"ingressSettings":null,"serviceAccountEmail":null,"vpc":null,"eventTrigger":{"eventType":"providers/cloud.firestore/eventTypes/document.create","eventFilters":{"resource":"projects/demo-carapp/databases/(default)/documents/partCandidates/{candidateId}"},"retry":false},"labels":{},"entryPoint":"processCandidate"}},"specVersion":"v1alpha1","requiredAPIs":[{"api":"cloudscheduler.googleapis.com","reason":"Needed for scheduled functions."}],"extensions":{}}
[error] ⬢  functions: Failed to load function definition from source: FirebaseError: Failed to parse build specification {"metadata":{"emulator":{"name":"functions"},"message":"Failed to load function definition from source: FirebaseError: Failed to parse build specification"}}
[info] 
┌─────────────────────────────────────────────────────────────┐
│ ✔  All emulators ready! It is now safe to connect your app. │
│ i  View Emulator UI at http://127.0.0.1:4000/               │
└─────────────────────────────────────────────────────────────┘

┌────────────────┬────────────────┬─────────────────────────────────┐
│ Emulator       │ Host:Port      │ View in Emulator UI             │
├────────────────┼────────────────┼─────────────────────────────────┤
│ Authentication │ 127.0.0.1:9099 │ http://127.0.0.1:4000/auth      │
├────────────────┼────────────────┼─────────────────────────────────┤
│ Functions      │ 127.0.0.1:5001 │ http://127.0.0.1:4000/functions │
├────────────────┼────────────────┼─────────────────────────────────┤
│ Firestore      │ 127.0.0.1:8080 │ http://127.0.0.1:4000/firestore │
├────────────────┼────────────────┼─────────────────────────────────┤
│ Storage        │ 127.0.0.1:9199 │ http://127.0.0.1:4000/storage   │
└────────────────┴────────────────┴─────────────────────────────────┘
  Emulator Hub running at 127.0.0.1:4400
  Other reserved ports: 4500, 9150

Issues? Report them at https://github.com/firebase/firebase-tools/issues and attach the *-debug.log files.
 
[debug] [2026-01-23T17:28:42.688Z] Received signal SIGTERM 1
[info]  
[info] i  emulators: Received SIGTERM for the first time. Starting a clean shutdown. 
[info] i  emulators: Please wait for a clean shutdown or send the SIGTERM signal again to stop right now. 
[info] i  Automatically exporting data using --export-on-exit "./.emulator-data" please wait for the export to finish... 
[debug] [2026-01-23T17:28:42.846Z] >>> [apiv2][query] GET http://127.0.0.1:4400/ [none]
[debug] [2026-01-23T17:28:42.971Z] <<< [apiv2][status] GET http://127.0.0.1:4400/ 200
[debug] [2026-01-23T17:28:42.972Z] <<< [apiv2][body] GET http://127.0.0.1:4400/ {"version":"12.9.1","origins":["http://127.0.0.1:4400","http://[::1]:4400"],"host":"127.0.0.1","port":4400}
[info] i  Found running emulator hub for project demo-carapp at http://127.0.0.1:4400 
[info] i  Creating export directory /workspace/.emulator-data 
[info] i  Exporting data to: /workspace/.emulator-data 
[debug] [2026-01-23T17:28:43.003Z] >>> [apiv2][query] GET http://127.0.0.1:4400/ [none]
[debug] [2026-01-23T17:28:43.018Z] <<< [apiv2][status] GET http://127.0.0.1:4400/ 200
[debug] [2026-01-23T17:28:43.018Z] <<< [apiv2][body] GET http://127.0.0.1:4400/ {"version":"12.9.1","origins":["http://127.0.0.1:4400","http://[::1]:4400"],"host":"127.0.0.1","port":4400}
[debug] [2026-01-23T17:28:43.019Z] >>> [apiv2][query] POST http://127.0.0.1:4400/_admin/export [none]
[debug] [2026-01-23T17:28:43.019Z] >>> [apiv2][body] POST http://127.0.0.1:4400/_admin/export {"path":"/workspace/.emulator-data","initiatedBy":"exit"}
[info] i  emulators: Received export request. Exporting data to /workspace/.emulator-data. 
[debug] [2026-01-23T17:28:43.194Z] >>> [apiv2][query] POST http://127.0.0.1:8080/emulator/v1/projects/demo-carapp:export [none]
[debug] [2026-01-23T17:28:43.194Z] >>> [apiv2][body] POST http://127.0.0.1:8080/emulator/v1/projects/demo-carapp:export {"database":"projects/demo-carapp/databases/(default)","export_directory":"firebase-export-1769189323176qxzsQf","export_name":"firestore_export"}
[debug] [2026-01-23T17:28:43.617Z] Jan 23, 2026 5:28:43 PM io.gapi.emulators.netty.HttpVersionRoutingHandler channelRead
INFO: Detected non-HTTP/2 connection.
 {"metadata":{"emulator":{"name":"firestore"},"message":"Jan 23, 2026 5:28:43 PM io.gapi.emulators.netty.HttpVersionRoutingHandler channelRead\nINFO: Detected non-HTTP/2 connection.\n"}}
[debug] [2026-01-23T17:29:25.847Z] ----------------------------------------------------------------------
[debug] [2026-01-23T17:29:25.856Z] Command:       /usr/local/bin/node /usr/local/bin/firebase emulators:start --project demo-carapp --import=./.emulator-data --export-on-exit
[debug] [2026-01-23T17:29:25.858Z] CLI Version:   12.9.1
[debug] [2026-01-23T17:29:25.859Z] Platform:      linux
[debug] [2026-01-23T17:29:25.860Z] Node Version:  v20.20.0
[debug] [2026-01-23T17:29:25.860Z] Time:          Fri Jan 23 2026 17:29:25 GMT+0000 (Coordinated Universal Time)
[debug] [2026-01-23T17:29:25.860Z] ----------------------------------------------------------------------
[debug] 
[debug] [2026-01-23T17:29:26.058Z] > command requires scopes: ["email","openid","https://www.googleapis.com/auth/cloudplatformprojects.readonly","https://www.googleapis.com/auth/firebase","https://www.googleapis.com/auth/cloud-platform"]
[debug] Failed to authenticate, have you run firebase login?
[warn] ⚠  emulators: You are not currently authenticated so some features may not work correctly. Please run firebase login to authenticate the CLI. 
[debug] [2026-01-23T17:29:27.622Z] openjdk version "11.0.29" 2025-10-21
OpenJDK Runtime Environment (build 11.0.29+6-post-Debian-1deb11u1)
OpenJDK 64-Bit Server VM (build 11.0.29+6-post-Debian-1deb11u1, mixed mode)

[debug] [2026-01-23T17:29:27.654Z] Parsed Java major version: 11
[info] i  emulators: Starting emulators: auth, functions, firestore, storage {"metadata":{"emulator":{"name":"hub"},"message":"Starting emulators: auth, functions, firestore, storage"}}
[info] i  emulators: Detected demo project ID "demo-carapp", emulated services will use a demo configuration and attempts to access non-emulated services for this project will fail. {"metadata":{"emulator":{"name":"hub"},"message":"Detected demo project ID \"demo-carapp\", emulated services will use a demo configuration and attempts to access non-emulated services for this project will fail."}}
[debug] [2026-01-23T17:29:27.692Z] [logging] Logging Emulator only supports listening on one address (127.0.0.1). Not listening on ::1
[debug] [2026-01-23T17:29:27.693Z] [auth] Authentication Emulator only supports listening on one address (127.0.0.1). Not listening on ::1
[debug] [2026-01-23T17:29:27.693Z] [firestore] Firestore Emulator only supports listening on one address (127.0.0.1). Not listening on ::1
[debug] [2026-01-23T17:29:27.693Z] [firestore.websocket] websocket server for firestore only supports listening on one address (127.0.0.1). Not listening on ::1
[debug] [2026-01-23T17:29:27.693Z] [storage] Storage Emulator only supports listening on one address (127.0.0.1). Not listening on ::1
[debug] [2026-01-23T17:29:27.693Z] assigned listening specs for emulators {"user":{"hub":[{"address":"127.0.0.1","family":"IPv4","port":4400},{"address":"::1","family":"IPv6","port":4400}],"ui":[{"address":"127.0.0.1","family":"IPv4","port":4000},{"address":"::1","family":"IPv6","port":4000}],"logging":[{"address":"127.0.0.1","family":"IPv4","port":4500}],"auth":[{"address":"127.0.0.1","family":"IPv4","port":9099}],"firestore":[{"address":"127.0.0.1","family":"IPv4","port":8080}],"firestore.websocket":[{"address":"127.0.0.1","family":"IPv4","port":9150}],"storage":[{"address":"127.0.0.1","family":"IPv4","port":9199}]},"metadata":{"message":"assigned listening specs for emulators"}}
[warn] ⚠  emulators: It seems that you are running multiple instances of the emulator suite for project demo-carapp. This may result in unexpected behavior. 
[debug] [2026-01-23T17:29:27.707Z] [hub] writing locator at /tmp/hub-demo-carapp.json
[warn] ⚠  emulators: Could not find import/export metadata file, skipping data import! {"metadata":{"emulator":{"name":"hub"},"message":"Could not find import/export metadata file, skipping data import!"}}
[debug] [2026-01-23T17:29:27.717Z] [functions] Functions Emulator only supports listening on one address (127.0.0.1). Not listening on ::1
[debug] [2026-01-23T17:29:27.717Z] [eventarc] Eventarc Emulator only supports listening on one address (127.0.0.1). Not listening on ::1
[debug] [2026-01-23T17:29:27.717Z] late-assigned ports for functions and eventarc emulators {"user":{"hub":[{"address":"127.0.0.1","family":"IPv4","port":4400},{"address":"::1","family":"IPv6","port":4400}],"ui":[{"address":"127.0.0.1","family":"IPv4","port":4000},{"address":"::1","family":"IPv6","port":4000}],"logging":[{"address":"127.0.0.1","family":"IPv4","port":4500}],"auth":[{"address":"127.0.0.1","family":"IPv4","port":9099}],"firestore":[{"address":"127.0.0.1","family":"IPv4","port":8080}],"firestore.websocket":[{"address":"127.0.0.1","family":"IPv4","port":9150}],"storage":[{"address":"127.0.0.1","family":"IPv4","port":9199}],"functions":[{"address":"127.0.0.1","family":"IPv4","port":5001}],"eventarc":[{"address":"127.0.0.1","family":"IPv4","port":9299}]},"metadata":{"message":"late-assigned ports for functions and eventarc emulators"}}
[warn] ⚠  functions: You are not signed in to the Firebase CLI. If you have authorized this machine using gcloud application-default credentials those may be discovered and used to access production services. {"metadata":{"emulator":{"name":"functions"},"message":"You are not signed in to the Firebase CLI. If you have authorized this machine using gcloud application-default credentials those may be discovered and used to access production services."}}
[debug] [2026-01-23T17:29:27.730Z] Ignoring unsupported arg: auto_download {"metadata":{"emulator":{"name":"firestore"},"message":"Ignoring unsupported arg: auto_download"}}
[debug] [2026-01-23T17:29:27.730Z] Ignoring unsupported arg: single_project_mode_error {"metadata":{"emulator":{"name":"firestore"},"message":"Ignoring unsupported arg: single_project_mode_error"}}
[debug] [2026-01-23T17:29:27.730Z] Starting Firestore Emulator with command {"binary":"java","args":["-Dgoogle.cloud_firestore.debug_log_level=FINE","-Duser.language=en","-jar","/root/.cache/firebase/emulators/cloud-firestore-emulator-v1.18.2.jar","--host","127.0.0.1","--port",8080,"--websocket_port",9150,"--project_id","demo-carapp","--rules","/workspace/firestore.rules","--single_project_mode",true,"--functions_emulator","127.0.0.1:5001"],"optionalArgs":["port","webchannel_port","host","rules","websocket_port","functions_emulator","seed_from_export","project_id","single_project_mode"],"joinArgs":false} {"metadata":{"emulator":{"name":"firestore"},"message":"Starting Firestore Emulator with command {\"binary\":\"java\",\"args\":[\"-Dgoogle.cloud_firestore.debug_log_level=FINE\",\"-Duser.language=en\",\"-jar\",\"/root/.cache/firebase/emulators/cloud-firestore-emulator-v1.18.2.jar\",\"--host\",\"127.0.0.1\",\"--port\",8080,\"--websocket_port\",9150,\"--project_id\",\"demo-carapp\",\"--rules\",\"/workspace/firestore.rules\",\"--single_project_mode\",true,\"--functions_emulator\",\"127.0.0.1:5001\"],\"optionalArgs\":[\"port\",\"webchannel_port\",\"host\",\"rules\",\"websocket_port\",\"functions_emulator\",\"seed_from_export\",\"project_id\",\"single_project_mode\"],\"joinArgs\":false}"}}
[info] i  firestore: Firestore Emulator logging to firestore-debug.log {"metadata":{"emulator":{"name":"firestore"},"message":"Firestore Emulator logging to firestore-debug.log"}}
[debug] [2026-01-23T17:29:29.830Z] Jan 23, 2026 5:29:29 PM com.google.cloud.datastore.emulator.firestore.websocket.WebSocketServer start
INFO: Started WebSocket server on ws://127.0.0.1:9150
 {"metadata":{"emulator":{"name":"firestore"},"message":"Jan 23, 2026 5:29:29 PM com.google.cloud.datastore.emulator.firestore.websocket.WebSocketServer start\nINFO: Started WebSocket server on ws://127.0.0.1:9150\n"}}
[debug] [2026-01-23T17:29:29.950Z] API endpoint: http://127.0.0.1:8080
If you are using a library that supports the FIRESTORE_EMULATOR_HOST environment variable, run:
 {"metadata":{"emulator":{"name":"firestore"},"message":"API endpoint: http://127.0.0.1:8080\nIf you are using a library that supports the FIRESTORE_EMULATOR_HOST environment variable, run:\n"}}
[debug] [2026-01-23T17:29:29.952Z] 
   export FIRESTORE_EMULATOR_HOST=127.0.0.1:8080

Dev App Server is now running.

 {"metadata":{"emulator":{"name":"firestore"},"message":"\n   export FIRESTORE_EMULATOR_HOST=127.0.0.1:8080\n\nDev App Server is now running.\n\n"}}
[info] ✔  firestore: Firestore Emulator UI websocket is running on 9150. {"metadata":{"emulator":{"name":"firestore"},"message":"Firestore Emulator UI websocket is running on 9150."}}
[debug] [2026-01-23T17:29:40.075Z] Ignoring unsupported arg: port {"metadata":{"emulator":{"name":"storage"},"message":"Ignoring unsupported arg: port"}}
[debug] [2026-01-23T17:29:42.736Z] Temp file directory for storage emulator: /tmp/firebase/storage/blobs {"metadata":{"emulator":{"name":"storage"},"message":"Temp file directory for storage emulator: /tmp/firebase/storage/blobs"}}
[debug] [2026-01-23T17:29:42.773Z] Ignoring unsupported arg: auto_download {"metadata":{"emulator":{"name":"ui"},"message":"Ignoring unsupported arg: auto_download"}}
[debug] [2026-01-23T17:29:42.774Z] Ignoring unsupported arg: port {"metadata":{"emulator":{"name":"ui"},"message":"Ignoring unsupported arg: port"}}
[debug] [2026-01-23T17:29:42.774Z] Starting Emulator UI with command {"binary":"node","args":["/root/.cache/firebase/emulators/ui-v1.11.7/server/server.js"],"optionalArgs":[],"joinArgs":false} {"metadata":{"emulator":{"name":"ui"},"message":"Starting Emulator UI with command {\"binary\":\"node\",\"args\":[\"/root/.cache/firebase/emulators/ui-v1.11.7/server/server.js\"],\"optionalArgs\":[],\"joinArgs\":false}"}}
[info] i  ui: Emulator UI logging to ui-debug.log {"metadata":{"emulator":{"name":"ui"},"message":"Emulator UI logging to ui-debug.log"}}
[debug] [2026-01-23T17:29:43.007Z] Web / API server started at 127.0.0.1:4000
 {"metadata":{"emulator":{"name":"ui"},"message":"Web / API server started at 127.0.0.1:4000\n"}}
[debug] [2026-01-23T17:29:43.008Z] Web / API server started at ::1:4000
 {"metadata":{"emulator":{"name":"ui"},"message":"Web / API server started at ::1:4000\n"}}
[info] i  functions: Watching "/workspace/functions" for Cloud Functions... {"metadata":{"emulator":{"name":"functions"},"message":"Watching \"/workspace/functions\" for Cloud Functions..."}}
[debug] [2026-01-23T17:29:43.079Z] Validating nodejs source
[warn] ⚠  functions: package.json indicates an outdated version of firebase-functions. Please upgrade using npm install --save firebase-functions@latest in your functions directory. 
[warn] ⚠  functions: Please note that there will be breaking changes when you upgrade. 
[debug] [2026-01-23T17:29:43.812Z] > [functions] package.json contents: {
  "name": "carguy-functions",
  "version": "1.0.0",
  "description": "Firebase Cloud Functions for CarGuy 3D reconstruction",
  "main": "lib/index.js",
  "engines": {
    "node": "20"
  },
  "scripts": {
    "lint": "echo \"skip lint\"",
    "build": "tsc",
    "serve": "firebase emulators:start --only functions",
    "shell": "firebase functions:shell",
    "start": "npm run shell",
    "deploy": "firebase deploy --only functions",
    "logs": "firebase functions:log"
  },
  "dependencies": {
    "axios": "^1.6.0",
    "cheerio": "^1.1.0",
    "express": "^4.18.2",
    "firebase-admin": "^12.0.0",
    "firebase-functions": "^5.0.0",
    "puppeteer": "^24.35.0"
  },
  "devDependencies": {
    "typescript": "^5.3.3"
  },
  "private": true
}
[debug] [2026-01-23T17:29:43.812Z] Building nodejs source
[debug] [2026-01-23T17:29:43.813Z] Failed to find version of module node: reached end of search path /workspace/functions/node_modules
[info] ✔  functions: Using node@20 from host. 
[debug] [2026-01-23T17:29:43.825Z] Could not find functions.yaml. Must use http discovery
[debug] [2026-01-23T17:29:43.842Z] Found firebase-functions binary at '/workspace/functions/node_modules/.bin/firebase-functions'
[info] Serving at port 8684

[debug] [2026-01-23T17:29:44.926Z] Got response from /__/functions.yaml {"endpoints":{"generateCarModel":{"platform":"gcfv1","labels":{},"availableMemoryMb":null,"timeoutSeconds":null,"minInstances":null,"maxInstances":null,"ingressSettings":null,"serviceAccountEmail":null,"vpc":null,"callableTrigger":{},"entryPoint":"generateCarModel"},"onRenderJobCreated":{"platform":"gcfv1","availableMemoryMb":null,"timeoutSeconds":null,"minInstances":null,"maxInstances":null,"ingressSettings":null,"serviceAccountEmail":null,"vpc":null,"eventTrigger":{"eventType":"providers/cloud.firestore/eventTypes/document.create","eventFilters":{"resource":"projects/demo-carapp/databases/(default)/documents/renderJobs/{jobId}"},"retry":false},"labels":{},"entryPoint":"onRenderJobCreated"},"pollRenderJobs":{"platform":"gcfv1","availableMemoryMb":null,"timeoutSeconds":null,"minInstances":null,"maxInstances":null,"ingressSettings":null,"serviceAccountEmail":null,"vpc":null,"scheduleTrigger":{"schedule":"every 2 minutes","retryConfig":{"retryCount":null,"maxDoublings":null,"maxRetryDuration":null,"maxBackoffDuration":null,"minBackoffDuration":null},"timeZone":null},"labels":{},"entryPoint":"pollRenderJobs"},"processCandidate":{"platform":"gcfv1","availableMemoryMb":null,"timeoutSeconds":null,"minInstances":null,"maxInstances":null,"ingressSettings":null,"serviceAccountEmail":null,"vpc":null,"eventTrigger":{"eventType":"providers/cloud.firestore/eventTypes/document.create","eventFilters":{"resource":"projects/demo-carapp/databases/(default)/documents/partCandidates/{candidateId}"},"retry":false},"labels":{},"entryPoint":"processCandidate"}},"specVersion":"v1alpha1","requiredAPIs":[{"api":"cloudscheduler.googleapis.com","reason":"Needed for scheduled functions."}],"extensions":{}}
[error] ⬢  functions: Failed to load function definition from source: FirebaseError: Failed to parse build specification {"metadata":{"emulator":{"name":"functions"},"message":"Failed to load function definition from source: FirebaseError: Failed to parse build specification"}}
[info] 
┌─────────────────────────────────────────────────────────────┐
│ ✔  All emulators ready! It is now safe to connect your app. │
│ i  View Emulator UI at http://127.0.0.1:4000/               │
└─────────────────────────────────────────────────────────────┘

┌────────────────┬────────────────┬─────────────────────────────────┐
│ Emulator       │ Host:Port      │ View in Emulator UI             │
├────────────────┼────────────────┼─────────────────────────────────┤
│ Authentication │ 127.0.0.1:9099 │ http://127.0.0.1:4000/auth      │
├────────────────┼────────────────┼─────────────────────────────────┤
│ Functions      │ 127.0.0.1:5001 │ http://127.0.0.1:4000/functions │
├────────────────┼────────────────┼─────────────────────────────────┤
│ Firestore      │ 127.0.0.1:8080 │ http://127.0.0.1:4000/firestore │
├────────────────┼────────────────┼─────────────────────────────────┤
│ Storage        │ 127.0.0.1:9199 │ http://127.0.0.1:4000/storage   │
└────────────────┴────────────────┴─────────────────────────────────┘
  Emulator Hub running at 127.0.0.1:4400
  Other reserved ports: 4500, 9150

Issues? Report them at https://github.com/firebase/firebase-tools/issues and attach the *-debug.log files.
 
[debug] [2026-01-23T18:12:48.346Z] Received signal SIGTERM 1
[info]  
[info] i  emulators: Received SIGTERM for the first time. Starting a clean shutdown. 
[info] i  emulators: Please wait for a clean shutdown or send the SIGTERM signal again to stop right now. 
[info] i  Automatically exporting data using --export-on-exit "./.emulator-data" please wait for the export to finish... 
[debug] [2026-01-23T18:12:49.192Z] >>> [apiv2][query] GET http://127.0.0.1:4400/ [none]
